# JRE version: OpenJDK Runtime Environment (21.0.8) (build 21.0.8+-14196175-b1038.72)
# Java VM: OpenJDK 64-Bit Server VM (21.0.8+-14196175-b1038.72, mixed mode, tiered, compressed oops, compressed class ptrs, g1 gc, windows-amd64)
GC Precious Log:
 CardTable entry size: 512
 Card Set container configuration: InlinePtr #cards 5 size 8 Array Of Cards #cards 12 size 40 Howl #buckets 4 coarsen threshold 1843 Howl Bitmap #cards 512 size 80 coarsen threshold 460 Card regions per heap region 1 cards per card region 2048
 CPUs: 8 total, 8 available
 Memory: 10178M
 Large Page Support: Disabled
 NUMA Support: Disabled
 Compressed Oops: Enabled (32-bit)
 Heap Region Size: 1M
 Heap Min Capacity: 8M
 Heap Initial Capacity: 160M
 Heap Max Capacity: 2G
 Pre-touch: Disabled
 Parallel Workers: 8
 Concurrent Workers: 2
 Concurrent Refinement Workers: 8
 Periodic GC: Disabled
Heap:
 garbage-first heap   total 252928K, used 179441K [0x0000000080000000, 0x0000000100000000)
  region size 1024K, 34 young (34816K), 7 survivors (7168K)
 Metaspace       used 135039K, committed 137344K, reserved 1179648K
  class space    used 18875K, committed 20032K, reserved 1048576K
GC Heap History (20 events):
Event: 77.677 GC heap before
{Heap before GC invocations=52 (full 0):
 garbage-first heap   total 194560K, used 176128K [0x0000000080000000, 0x0000000100000000)
  region size 1024K, 62 young (63488K), 6 survivors (6144K)
 Metaspace       used 110915K, committed 112832K, reserved 1179648K
  class space    used 15316K, committed 16256K, reserved 1048576K
}
Event: 77.689 GC heap after
{Heap after GC invocations=53 (full 0):
 garbage-first heap   total 194560K, used 122021K [0x0000000080000000, 0x0000000100000000)
  region size 1024K, 8 young (8192K), 8 survivors (8192K)
 Metaspace       used 110915K, committed 112832K, reserved 1179648K
  class space    used 15316K, committed 16256K, reserved 1048576K
}
Event: 78.546 GC heap before
{Heap before GC invocations=53 (full 0):
 garbage-first heap   total 194560K, used 141477K [0x0000000080000000, 0x0000000100000000)
  region size 1024K, 28 young (28672K), 8 survivors (8192K)
 Metaspace       used 112376K, committed 114368K, reserved 1179648K
  class space    used 15539K, committed 16512K, reserved 1048576K
}
Event: 78.554 GC heap after
{Heap after GC invocations=54 (full 0):
 garbage-first heap   total 194560K, used 124025K [0x0000000080000000, 0x0000000100000000)
  region size 1024K, 2 young (2048K), 2 survivors (2048K)
 Metaspace       used 112376K, committed 114368K, reserved 1179648K
  class space    used 15539K, committed 16512K, reserved 1048576K
}
Event: 81.875 GC heap before
{Heap before GC invocations=55 (full 0):
 garbage-first heap   total 209920K, used 180345K [0x0000000080000000, 0x0000000100000000)
  region size 1024K, 56 young (57344K), 2 survivors (2048K)
 Metaspace       used 116787K, committed 118784K, reserved 1179648K
  class space    used 16329K, committed 17280K, reserved 1048576K
}
Event: 81.879 GC heap after
{Heap after GC invocations=56 (full 0):
 garbage-first heap   total 209920K, used 124812K [0x0000000080000000, 0x0000000100000000)
  region size 1024K, 3 young (3072K), 3 survivors (3072K)
 Metaspace       used 116787K, committed 118784K, reserved 1179648K
  class space    used 16329K, committed 17280K, reserved 1048576K
}
Event: 88.369 GC heap before
{Heap before GC invocations=56 (full 0):
 garbage-first heap   total 209920K, used 191372K [0x0000000080000000, 0x0000000100000000)
  region size 1024K, 68 young (69632K), 3 survivors (3072K)
 Metaspace       used 121751K, committed 123904K, reserved 1179648K
  class space    used 17059K, committed 18112K, reserved 1048576K
}
Event: 88.378 GC heap after
{Heap after GC invocations=57 (full 0):
 garbage-first heap   total 209920K, used 126786K [0x0000000080000000, 0x0000000100000000)
  region size 1024K, 6 young (6144K), 6 survivors (6144K)
 Metaspace       used 121751K, committed 123904K, reserved 1179648K
  class space    used 17059K, committed 18112K, reserved 1048576K
}
Event: 93.467 GC heap before
{Heap before GC invocations=57 (full 0):
 garbage-first heap   total 209920K, used 192322K [0x0000000080000000, 0x0000000100000000)
  region size 1024K, 70 young (71680K), 6 survivors (6144K)
 Metaspace       used 126549K, committed 128704K, reserved 1179648K
  class space    used 17792K, committed 18880K, reserved 1048576K
}
Event: 93.477 GC heap after
{Heap after GC invocations=58 (full 0):
 garbage-first heap   total 209920K, used 130268K [0x0000000080000000, 0x0000000100000000)
  region size 1024K, 7 young (7168K), 7 survivors (7168K)
 Metaspace       used 126549K, committed 128704K, reserved 1179648K
  class space    used 17792K, committed 18880K, reserved 1048576K
}
Event: 95.068 GC heap before
{Heap before GC invocations=59 (full 0):
 garbage-first heap   total 219136K, used 189660K [0x0000000080000000, 0x0000000100000000)
  region size 1024K, 65 young (66560K), 7 survivors (7168K)
 Metaspace       used 129592K, committed 131840K, reserved 1179648K
  class space    used 18233K, committed 19328K, reserved 1048576K
}
Event: 95.081 GC heap after
{Heap after GC invocations=60 (full 0):
 garbage-first heap   total 219136K, used 136573K [0x0000000080000000, 0x0000000100000000)
  region size 1024K, 9 young (9216K), 9 survivors (9216K)
 Metaspace       used 129592K, committed 131840K, reserved 1179648K
  class space    used 18233K, committed 19328K, reserved 1048576K
}
Event: 98.412 GC heap before
{Heap before GC invocations=60 (full 0):
 garbage-first heap   total 219136K, used 195965K [0x0000000080000000, 0x0000000100000000)
  region size 1024K, 68 young (69632K), 9 survivors (9216K)
 Metaspace       used 131504K, committed 133760K, reserved 1179648K
  class space    used 18540K, committed 19648K, reserved 1048576K
}
Event: 98.431 GC heap after
{Heap after GC invocations=61 (full 0):
 garbage-first heap   total 219136K, used 145008K [0x0000000080000000, 0x0000000100000000)
  region size 1024K, 9 young (9216K), 9 survivors (9216K)
 Metaspace       used 131504K, committed 133760K, reserved 1179648K
  class space    used 18540K, committed 19648K, reserved 1048576K
}
Event: 104.206 GC heap before
{Heap before GC invocations=61 (full 0):
 garbage-first heap   total 219136K, used 197232K [0x0000000080000000, 0x0000000100000000)
  region size 1024K, 60 young (61440K), 9 survivors (9216K)
 Metaspace       used 131716K, committed 133952K, reserved 1179648K
  class space    used 18550K, committed 19648K, reserved 1048576K
}
Event: 104.219 GC heap after
{Heap after GC invocations=62 (full 0):
 garbage-first heap   total 219136K, used 150833K [0x0000000080000000, 0x0000000100000000)
  region size 1024K, 6 young (6144K), 6 survivors (6144K)
 Metaspace       used 131716K, committed 133952K, reserved 1179648K
  class space    used 18550K, committed 19648K, reserved 1048576K
}
Event: 107.562 GC heap before
{Heap before GC invocations=63 (full 0):
 garbage-first heap   total 252928K, used 198961K [0x0000000080000000, 0x0000000100000000)
  region size 1024K, 53 young (54272K), 6 survivors (6144K)
 Metaspace       used 131781K, committed 134080K, reserved 1179648K
  class space    used 18551K, committed 19648K, reserved 1048576K
}
Event: 107.571 GC heap after
{Heap after GC invocations=64 (full 0):
 garbage-first heap   total 252928K, used 152758K [0x0000000080000000, 0x0000000100000000)
  region size 1024K, 4 young (4096K), 4 survivors (4096K)
 Metaspace       used 131781K, committed 134080K, reserved 1179648K
  class space    used 18551K, committed 19648K, reserved 1048576K
}
Event: 116.454 GC heap before
{Heap before GC invocations=64 (full 0):
 garbage-first heap   total 252928K, used 234678K [0x0000000080000000, 0x0000000100000000)
  region size 1024K, 80 young (81920K), 4 survivors (4096K)
 Metaspace       used 134906K, committed 137216K, reserved 1179648K
  class space    used 18859K, committed 19968K, reserved 1048576K
}
Event: 116.467 GC heap after
{Heap after GC invocations=65 (full 0):
 garbage-first heap   total 252928K, used 153841K [0x0000000080000000, 0x0000000100000000)
  region size 1024K, 7 young (7168K), 7 survivors (7168K)
 Metaspace       used 134906K, committed 137216K, reserved 1179648K
  class space    used 18859K, committed 19968K, reserved 1048576K
}

